# JRE version: OpenJDK Runtime Environment (8.0_152-b02) (build 1.8.0_152-release-1024-b02)
# Java VM: OpenJDK 64-Bit Server VM (25.152-b02 mixed mode windows-amd64 compressed oops)
Heap:
 PSYoungGen      total 350208K, used 239031K [0x000000076ab00000, 0x0000000785a80000, 0x00000007c0000000)
  eden space 285184K, 65% used [0x000000076ab00000,0x00000007760881f8,0x000000077c180000)
  from space 65024K, 81% used [0x0000000780880000,0x0000000783c65c50,0x0000000784800000)
  to   space 72704K, 0% used [0x000000077c180000,0x000000077c180000,0x0000000780880000)
 ParOldGen       total 2779648K, used 101456K [0x00000006c0000000, 0x0000000769a80000, 0x000000076ab00000)
  object space 2779648K, 3% used [0x00000006c0000000,0x00000006c63142f8,0x0000000769a80000)
 Metaspace       used 73769K, capacity 75708K, committed 75948K, reserved 1118208K
  class space    used 9420K, capacity 9894K, committed 9900K, reserved 1048576K
GC Heap History (10 events):
Event: 13.251 GC heap before
{Heap before GC invocations=9 (full 4):
 PSYoungGen      total 305664K, used 16986K [0x000000076ab00000, 0x0000000780000000, 0x00000007c0000000)
  eden space 262144K, 0% used [0x000000076ab00000,0x000000076ab00000,0x000000077ab00000)
  from space 43520K, 39% used [0x000000077ab00000,0x000000077bb96ab0,0x000000077d580000)
  to   space 32256K, 0% used [0x000000077e080000,0x000000077e080000,0x0000000780000000)
 ParOldGen       total 699392K, used 8849K [0x00000006c0000000, 0x00000006eab00000, 0x000000076ab00000)
  object space 699392K, 1% used [0x00000006c0000000,0x00000006c08a4450,0x00000006eab00000)
 Metaspace       used 42153K, capacity 43172K, committed 43264K, reserved 1089536K
  class space    used 5782K, capacity 6124K, committed 6144K, reserved 1048576K
Event: 13.421 GC heap after
Heap after GC invocations=9 (full 4):
 PSYoungGen      total 305664K, used 0K [0x000000076ab00000, 0x0000000780000000, 0x00000007c0000000)
  eden space 262144K, 0% used [0x000000076ab00000,0x000000076ab00000,0x000000077ab00000)
  from space 43520K, 0% used [0x000000077ab00000,0x000000077ab00000,0x000000077d580000)
  to   space 32256K, 0% used [0x000000077e080000,0x000000077e080000,0x0000000780000000)
 ParOldGen       total 699392K, used 25296K [0x00000006c0000000, 0x00000006eab00000, 0x000000076ab00000)
  object space 699392K, 3% used [0x00000006c0000000,0x00000006c18b4198,0x00000006eab00000)
 Metaspace       used 42153K, capacity 43172K, committed 43264K, reserved 1089536K
  class space    used 5782K, capacity 6124K, committed 6144K, reserved 1048576K
}
Event: 19.422 GC heap before
{Heap before GC invocations=10 (full 4):
 PSYoungGen      total 305664K, used 262144K [0x000000076ab00000, 0x0000000780000000, 0x00000007c0000000)
  eden space 262144K, 100% used [0x000000076ab00000,0x000000077ab00000,0x000000077ab00000)
  from space 43520K, 0% used [0x000000077ab00000,0x000000077ab00000,0x000000077d580000)
  to   space 32256K, 0% used [0x000000077e080000,0x000000077e080000,0x0000000780000000)
 ParOldGen       total 699392K, used 25296K [0x00000006c0000000, 0x00000006eab00000, 0x000000076ab00000)
  object space 699392K, 3% used [0x00000006c0000000,0x00000006c18b4198,0x00000006eab00000)
 Metaspace       used 54557K, capacity 56302K, committed 56448K, reserved 1099776K
  class space    used 7507K, capacity 7948K, committed 8064K, reserved 1048576K
Event: 19.458 GC heap after
Heap after GC invocations=10 (full 4):
 PSYoungGen      total 310272K, used 26209K [0x000000076ab00000, 0x0000000780180000, 0x00000007c0000000)
  eden space 278016K, 0% used [0x000000076ab00000,0x000000076ab00000,0x000000077ba80000)
  from space 32256K, 81% used [0x000000077e080000,0x000000077fa18710,0x0000000780000000)
  to   space 36352K, 0% used [0x000000077ba80000,0x000000077ba80000,0x000000077de00000)
 ParOldGen       total 699392K, used 25368K [0x00000006c0000000, 0x00000006eab00000, 0x000000076ab00000)
  object space 699392K, 3% used [0x00000006c0000000,0x00000006c18c61a8,0x00000006eab00000)
 Metaspace       used 54557K, capacity 56302K, committed 56448K, reserved 1099776K
  class space    used 7507K, capacity 7948K, committed 8064K, reserved 1048576K
}
Event: 29.626 GC heap before
{Heap before GC invocations=11 (full 4):
 PSYoungGen      total 310272K, used 293574K [0x000000076ab00000, 0x0000000780180000, 0x00000007c0000000)
  eden space 278016K, 96% used [0x000000076ab00000,0x000000077b019298,0x000000077ba80000)
  from space 32256K, 81% used [0x000000077e080000,0x000000077fa18710,0x0000000780000000)
  to   space 36352K, 0% used [0x000000077ba80000,0x000000077ba80000,0x000000077de00000)
 ParOldGen       total 699392K, used 25368K [0x00000006c0000000, 0x00000006eab00000, 0x000000076ab00000)
  object space 699392K, 3% used [0x00000006c0000000,0x00000006c18c61a8,0x00000006eab00000)
 Metaspace       used 70072K, capacity 71958K, committed 72108K, reserved 1114112K
  class space    used 9129K, capacity 9605K, committed 9644K, reserved 1048576K
Event: 29.700 GC heap after
Heap after GC invocations=11 (full 4):
 PSYoungGen      total 314368K, used 36343K [0x000000076ab00000, 0x0000000784800000, 0x00000007c0000000)
  eden space 278016K, 0% used [0x000000076ab00000,0x000000076ab00000,0x000000077ba80000)
  from space 36352K, 99% used [0x000000077ba80000,0x000000077ddfdf38,0x000000077de00000)
  to   space 65024K, 0% used [0x0000000780880000,0x0000000780880000,0x0000000784800000)
 ParOldGen       total 699392K, used 67222K [0x00000006c0000000, 0x00000006eab00000, 0x000000076ab00000)
  object space 699392K, 9% used [0x00000006c0000000,0x00000006c41a59e0,0x00000006eab00000)
 Metaspace       used 70072K, capacity 71958K, committed 72108K, reserved 1114112K
  class space    used 9129K, capacity 9605K, committed 9644K, reserved 1048576K
}
Event: 29.700 GC heap before
{Heap before GC invocations=12 (full 5):
 PSYoungGen      total 314368K, used 36343K [0x000000076ab00000, 0x0000000784800000, 0x00000007c0000000)
  eden space 278016K, 0% used [0x000000076ab00000,0x000000076ab00000,0x000000077ba80000)
  from space 36352K, 99% used [0x000000077ba80000,0x000000077ddfdf38,0x000000077de00000)
  to   space 65024K, 0% used [0x0000000780880000,0x0000000780880000,0x0000000784800000)
 ParOldGen       total 699392K, used 67222K [0x00000006c0000000, 0x00000006eab00000, 0x000000076ab00000)
  object space 699392K, 9% used [0x00000006c0000000,0x00000006c41a59e0,0x00000006eab00000)
 Metaspace       used 70072K, capacity 71958K, committed 72108K, reserved 1114112K
  class space    used 9129K, capacity 9605K, committed 9644K, reserved 1048576K
Event: 30.894 GC heap after
Heap after GC invocations=12 (full 5):
 PSYoungGen      total 314368K, used 0K [0x000000076ab00000, 0x0000000784800000, 0x00000007c0000000)
  eden space 278016K, 0% used [0x000000076ab00000,0x000000076ab00000,0x000000077ba80000)
  from space 36352K, 0% used [0x000000077ba80000,0x000000077ba80000,0x000000077de00000)
  to   space 65024K, 0% used [0x0000000780880000,0x0000000780880000,0x0000000784800000)
 ParOldGen       total 2779648K, used 101448K [0x00000006c0000000, 0x0000000769a80000, 0x000000076ab00000)
  object space 2779648K, 3% used [0x00000006c0000000,0x00000006c63122f8,0x0000000769a80000)
 Metaspace       used 70072K, capacity 71958K, committed 72108K, reserved 1114112K
  class space    used 9129K, capacity 9605K, committed 9644K, reserved 1048576K
}
Event: 33.918 GC heap before
{Heap before GC invocations=13 (full 5):
 PSYoungGen      total 314368K, used 278016K [0x000000076ab00000, 0x0000000784800000, 0x00000007c0000000)
  eden space 278016K, 100% used [0x000000076ab00000,0x000000077ba80000,0x000000077ba80000)
  from space 36352K, 0% used [0x000000077ba80000,0x000000077ba80000,0x000000077de00000)
  to   space 65024K, 0% used [0x0000000780880000,0x0000000780880000,0x0000000784800000)
 ParOldGen       total 2779648K, used 101448K [0x00000006c0000000, 0x0000000769a80000, 0x000000076ab00000)
  object space 2779648K, 3% used [0x00000006c0000000,0x00000006c63122f8,0x0000000769a80000)
 Metaspace       used 71990K, capacity 73980K, committed 74284K, reserved 1116160K
  class space    used 9293K, capacity 9766K, committed 9772K, reserved 1048576K
Event: 33.982 GC heap after
Heap after GC invocations=13 (full 5):
 PSYoungGen      total 350208K, used 53143K [0x000000076ab00000, 0x0000000785a80000, 0x00000007c0000000)
  eden space 285184K, 0% used [0x000000076ab00000,0x000000076ab00000,0x000000077c180000)
  from space 65024K, 81% used [0x0000000780880000,0x0000000783c65c50,0x0000000784800000)
  to   space 72704K, 0% used [0x000000077c180000,0x000000077c180000,0x0000000780880000)
 ParOldGen       total 2779648K, used 101456K [0x00000006c0000000, 0x0000000769a80000, 0x000000076ab00000)
  object space 2779648K, 3% used [0x00000006c0000000,0x00000006c63142f8,0x0000000769a80000)
 Metaspace       used 71990K, capacity 73980K, committed 74284K, reserved 1116160K
  class space    used 9293K, capacity 9766K, committed 9772K, reserved 1048576K
}

