# JRE version: OpenJDK Runtime Environment (8.0_152-b02) (build 1.8.0_152-release-1024-b02)
# Java VM: OpenJDK 64-Bit Server VM (25.152-b02 mixed mode windows-amd64 compressed oops)
Heap:
 PSYoungGen      total 358400K, used 216927K [0x000000076ab00000, 0x0000000784380000, 0x00000007c0000000)
  eden space 298496K, 52% used [0x000000076ab00000,0x000000077445f860,0x000000077ce80000)
  from space 59904K, 99% used [0x000000077ce80000,0x00000007808f8548,0x0000000780900000)
  to   space 43520K, 0% used [0x0000000781280000,0x0000000781280000,0x0000000783d00000)
 ParOldGen       total 1484288K, used 149152K [0x00000006c0000000, 0x000000071a980000, 0x000000076ab00000)
  object space 1484288K, 10% used [0x00000006c0000000,0x00000006c91a8150,0x000000071a980000)
 Metaspace       used 96231K, capacity 100544K, committed 100864K, reserved 1136640K
  class space    used 11720K, capacity 12712K, committed 12800K, reserved 1048576K
GC Heap History (10 events):
Event: 1675.793 GC heap before
{Heap before GC invocations=13 (full 3):
 PSYoungGen      total 327168K, used 326737K [0x000000076ab00000, 0x0000000786900000, 0x00000007c0000000)
  eden space 308736K, 100% used [0x000000076ab00000,0x000000077d880000,0x000000077d880000)
  from space 18432K, 97% used [0x0000000781680000,0x0000000782814700,0x0000000782880000)
  to   space 45568K, 0% used [0x0000000783c80000,0x0000000783c80000,0x0000000786900000)
 ParOldGen       total 1016832K, used 87334K [0x00000006c0000000, 0x00000006fe100000, 0x000000076ab00000)
  object space 1016832K, 8% used [0x00000006c0000000,0x00000006c5549928,0x00000006fe100000)
 Metaspace       used 78333K, capacity 82778K, committed 82816K, reserved 1120256K
  class space    used 10031K, capacity 11120K, committed 11136K, reserved 1048576K
Event: 1675.838 GC heap after
Heap after GC invocations=13 (full 3):
 PSYoungGen      total 323584K, used 18104K [0x000000076ab00000, 0x0000000784e80000, 0x00000007c0000000)
  eden space 305152K, 0% used [0x000000076ab00000,0x000000076ab00000,0x000000077d500000)
  from space 18432K, 98% used [0x0000000783c80000,0x0000000784e2e0b0,0x0000000784e80000)
  to   space 45056K, 0% used [0x000000077f680000,0x000000077f680000,0x0000000782280000)
 ParOldGen       total 1016832K, used 87342K [0x00000006c0000000, 0x00000006fe100000, 0x000000076ab00000)
  object space 1016832K, 8% used [0x00000006c0000000,0x00000006c554b928,0x00000006fe100000)
 Metaspace       used 78333K, capacity 82778K, committed 82816K, reserved 1120256K
  class space    used 10031K, capacity 11120K, committed 11136K, reserved 1048576K
}
Event: 1682.272 GC heap before
{Heap before GC invocations=14 (full 3):
 PSYoungGen      total 323584K, used 323256K [0x000000076ab00000, 0x0000000784e80000, 0x00000007c0000000)
  eden space 305152K, 100% used [0x000000076ab00000,0x000000077d500000,0x000000077d500000)
  from space 18432K, 98% used [0x0000000783c80000,0x0000000784e2e0b0,0x0000000784e80000)
  to   space 45056K, 0% used [0x000000077f680000,0x000000077f680000,0x0000000782280000)
 ParOldGen       total 1016832K, used 87342K [0x00000006c0000000, 0x00000006fe100000, 0x000000076ab00000)
  object space 1016832K, 8% used [0x00000006c0000000,0x00000006c554b928,0x00000006fe100000)
 Metaspace       used 82382K, capacity 86784K, committed 86912K, reserved 1124352K
  class space    used 10538K, capacity 11602K, committed 11648K, reserved 1048576K
Event: 1682.298 GC heap after
Heap after GC invocations=14 (full 3):
 PSYoungGen      total 326144K, used 24392K [0x000000076ab00000, 0x0000000783d00000, 0x00000007c0000000)
  eden space 301568K, 0% used [0x000000076ab00000,0x000000076ab00000,0x000000077d180000)
  from space 24576K, 99% used [0x000000077f680000,0x0000000780e52380,0x0000000780e80000)
  to   space 43520K, 0% used [0x0000000781280000,0x0000000781280000,0x0000000783d00000)
 ParOldGen       total 1016832K, used 87350K [0x00000006c0000000, 0x00000006fe100000, 0x000000076ab00000)
  object space 1016832K, 8% used [0x00000006c0000000,0x00000006c554d928,0x00000006fe100000)
 Metaspace       used 82382K, capacity 86784K, committed 86912K, reserved 1124352K
  class space    used 10538K, capacity 11602K, committed 11648K, reserved 1048576K
}
Event: 1686.513 GC heap before
{Heap before GC invocations=15 (full 3):
 PSYoungGen      total 326144K, used 270366K [0x000000076ab00000, 0x0000000783d00000, 0x00000007c0000000)
  eden space 301568K, 81% used [0x000000076ab00000,0x0000000779b35480,0x000000077d180000)
  from space 24576K, 99% used [0x000000077f680000,0x0000000780e52380,0x0000000780e80000)
  to   space 43520K, 0% used [0x0000000781280000,0x0000000781280000,0x0000000783d00000)
 ParOldGen       total 1016832K, used 87350K [0x00000006c0000000, 0x00000006fe100000, 0x000000076ab00000)
  object space 1016832K, 8% used [0x00000006c0000000,0x00000006c554d928,0x00000006fe100000)
 Metaspace       used 93811K, capacity 98236K, committed 98304K, reserved 1134592K
  class space    used 11627K, capacity 12732K, committed 12800K, reserved 1048576K
Event: 1686.580 GC heap after
Heap after GC invocations=15 (full 3):
 PSYoungGen      total 342016K, used 43507K [0x000000076ab00000, 0x0000000784380000, 0x00000007c0000000)
  eden space 298496K, 0% used [0x000000076ab00000,0x000000076ab00000,0x000000077ce80000)
  from space 43520K, 99% used [0x0000000781280000,0x0000000783cfcec8,0x0000000783d00000)
  to   space 59904K, 0% used [0x000000077ce80000,0x000000077ce80000,0x0000000780900000)
 ParOldGen       total 1016832K, used 118614K [0x00000006c0000000, 0x00000006fe100000, 0x000000076ab00000)
  object space 1016832K, 11% used [0x00000006c0000000,0x00000006c73d5b20,0x00000006fe100000)
 Metaspace       used 93811K, capacity 98236K, committed 98304K, reserved 1134592K
  class space    used 11627K, capacity 12732K, committed 12800K, reserved 1048576K
}
Event: 1686.580 GC heap before
{Heap before GC invocations=16 (full 4):
 PSYoungGen      total 342016K, used 43507K [0x000000076ab00000, 0x0000000784380000, 0x00000007c0000000)
  eden space 298496K, 0% used [0x000000076ab00000,0x000000076ab00000,0x000000077ce80000)
  from space 43520K, 99% used [0x0000000781280000,0x0000000783cfcec8,0x0000000783d00000)
  to   space 59904K, 0% used [0x000000077ce80000,0x000000077ce80000,0x0000000780900000)
 ParOldGen       total 1016832K, used 118614K [0x00000006c0000000, 0x00000006fe100000, 0x000000076ab00000)
  object space 1016832K, 11% used [0x00000006c0000000,0x00000006c73d5b20,0x00000006fe100000)
 Metaspace       used 93811K, capacity 98236K, committed 98304K, reserved 1134592K
  class space    used 11627K, capacity 12732K, committed 12800K, reserved 1048576K
Event: 1687.212 GC heap after
Heap after GC invocations=16 (full 4):
 PSYoungGen      total 342016K, used 0K [0x000000076ab00000, 0x0000000784380000, 0x00000007c0000000)
  eden space 298496K, 0% used [0x000000076ab00000,0x000000076ab00000,0x000000077ce80000)
  from space 43520K, 0% used [0x0000000781280000,0x0000000781280000,0x0000000783d00000)
  to   space 59904K, 0% used [0x000000077ce80000,0x000000077ce80000,0x0000000780900000)
 ParOldGen       total 1484288K, used 120366K [0x00000006c0000000, 0x000000071a980000, 0x000000076ab00000)
  object space 1484288K, 8% used [0x00000006c0000000,0x00000006c758ba80,0x000000071a980000)
 Metaspace       used 93299K, capacity 97504K, committed 98304K, reserved 1134592K
  class space    used 11492K, capacity 12488K, committed 12800K, reserved 1048576K
}
Event: 1690.070 GC heap before
{Heap before GC invocations=17 (full 4):
 PSYoungGen      total 342016K, used 298496K [0x000000076ab00000, 0x0000000784380000, 0x00000007c0000000)
  eden space 298496K, 100% used [0x000000076ab00000,0x000000077ce80000,0x000000077ce80000)
  from space 43520K, 0% used [0x0000000781280000,0x0000000781280000,0x0000000783d00000)
  to   space 59904K, 0% used [0x000000077ce80000,0x000000077ce80000,0x0000000780900000)
 ParOldGen       total 1484288K, used 120366K [0x00000006c0000000, 0x000000071a980000, 0x000000076ab00000)
  object space 1484288K, 8% used [0x00000006c0000000,0x00000006c758ba80,0x000000071a980000)
 Metaspace       used 94341K, capacity 98624K, committed 99072K, reserved 1136640K
  class space    used 11587K, capacity 12584K, committed 12800K, reserved 1048576K
Event: 1690.150 GC heap after
Heap after GC invocations=17 (full 4):
 PSYoungGen      total 358400K, used 59873K [0x000000076ab00000, 0x0000000784380000, 0x00000007c0000000)
  eden space 298496K, 0% used [0x000000076ab00000,0x000000076ab00000,0x000000077ce80000)
  from space 59904K, 99% used [0x000000077ce80000,0x00000007808f8548,0x0000000780900000)
  to   space 43520K, 0% used [0x0000000781280000,0x0000000781280000,0x0000000783d00000)
 ParOldGen       total 1484288K, used 149152K [0x00000006c0000000, 0x000000071a980000, 0x000000076ab00000)
  object space 1484288K, 10% used [0x00000006c0000000,0x00000006c91a8150,0x000000071a980000)
 Metaspace       used 94341K, capacity 98624K, committed 99072K, reserved 1136640K
  class space    used 11587K, capacity 12584K, committed 12800K, reserved 1048576K
}

